Determining if the pthread_create exist failed with the following output:
Change Dir: /mnt/93608ce9-2166-458c-b91a-e4ee6dae9eb0/git_clones/portfolio/catkin_ws/build/CMakeFiles/CMakeTmp

Run Build Command:"/usr/bin/make" "cmTC_7bbc5/fast"
/usr/bin/make -f CMakeFiles/cmTC_7bbc5.dir/build.make CMakeFiles/cmTC_7bbc5.dir/build
make[1]: Entering directory '/mnt/93608ce9-2166-458c-b91a-e4ee6dae9eb0/git_clones/portfolio/catkin_ws/build/CMakeFiles/CMakeTmp'
Building C object CMakeFiles/cmTC_7bbc5.dir/CheckSymbolExists.c.o
/usr/bin/cc     -o CMakeFiles/cmTC_7bbc5.dir/CheckSymbolExists.c.o   -c /mnt/93608ce9-2166-458c-b91a-e4ee6dae9eb0/git_clones/portfolio/catkin_ws/build/CMakeFiles/CMakeTmp/CheckSymbolExists.c
Linking C executable cmTC_7bbc5
/usr/bin/cmake -E cmake_link_script CMakeFiles/cmTC_7bbc5.dir/link.txt --verbose=1
/usr/bin/cc       CMakeFiles/cmTC_7bbc5.dir/CheckSymbolExists.c.o  -o cmTC_7bbc5 -rdynamic 
CMakeFiles/cmTC_7bbc5.dir/CheckSymbolExists.c.o: In function `main':
CheckSymbolExists.c:(.text+0x16): undefined reference to `pthread_create'
collect2: error: ld returned 1 exit status
CMakeFiles/cmTC_7bbc5.dir/build.make:97: recipe for target 'cmTC_7bbc5' failed
make[1]: *** [cmTC_7bbc5] Error 1
make[1]: Leaving directory '/mnt/93608ce9-2166-458c-b91a-e4ee6dae9eb0/git_clones/portfolio/catkin_ws/build/CMakeFiles/CMakeTmp'
Makefile:126: recipe for target 'cmTC_7bbc5/fast' failed
make: *** [cmTC_7bbc5/fast] Error 2

File /mnt/93608ce9-2166-458c-b91a-e4ee6dae9eb0/git_clones/portfolio/catkin_ws/build/CMakeFiles/CMakeTmp/CheckSymbolExists.c:
/* */
#include <pthread.h>

int main(int argc, char** argv)
{
  (void)argv;
#ifndef pthread_create
  return ((int*)(&pthread_create))[argc];
#else
  (void)argc;
  return 0;
#endif
}

Determining if the function pthread_create exists in the pthreads failed with the following output:
Change Dir: /mnt/93608ce9-2166-458c-b91a-e4ee6dae9eb0/git_clones/portfolio/catkin_ws/build/CMakeFiles/CMakeTmp

Run Build Command:"/usr/bin/make" "cmTC_4e5ea/fast"
/usr/bin/make -f CMakeFiles/cmTC_4e5ea.dir/build.make CMakeFiles/cmTC_4e5ea.dir/build
make[1]: Entering directory '/mnt/93608ce9-2166-458c-b91a-e4ee6dae9eb0/git_clones/portfolio/catkin_ws/build/CMakeFiles/CMakeTmp'
Building C object CMakeFiles/cmTC_4e5ea.dir/CheckFunctionExists.c.o
/usr/bin/cc    -DCHECK_FUNCTION_EXISTS=pthread_create   -o CMakeFiles/cmTC_4e5ea.dir/CheckFunctionExists.c.o   -c /usr/share/cmake-3.5/Modules/CheckFunctionExists.c
Linking C executable cmTC_4e5ea
/usr/bin/cmake -E cmake_link_script CMakeFiles/cmTC_4e5ea.dir/link.txt --verbose=1
/usr/bin/cc   -DCHECK_FUNCTION_EXISTS=pthread_create    CMakeFiles/cmTC_4e5ea.dir/CheckFunctionExists.c.o  -o cmTC_4e5ea -rdynamic -lpthreads 
/usr/bin/ld: cannot find -lpthreads
collect2: error: ld returned 1 exit status
CMakeFiles/cmTC_4e5ea.dir/build.make:97: recipe for target 'cmTC_4e5ea' failed
make[1]: *** [cmTC_4e5ea] Error 1
make[1]: Leaving directory '/mnt/93608ce9-2166-458c-b91a-e4ee6dae9eb0/git_clones/portfolio/catkin_ws/build/CMakeFiles/CMakeTmp'
Makefile:126: recipe for target 'cmTC_4e5ea/fast' failed
make: *** [cmTC_4e5ea/fast] Error 2


